16:52:46.971 [main] INFO  com.zet.DingdingApplication  - Starting DingdingApplication using Java 1.8.0_351 on 192.168.0.193 with PID 59918 (/Users/knight/code/local/knight/knight-dingding/target/classes started by knight in /Users/knight/code/local/knight)
16:52:47.037 [main] INFO  com.zet.DingdingApplication  - The following 1 profile is active: "dev"
16:52:48.117 [main] INFO  org.apache.coyote.http11.Http11NioProtocol  - Initializing ProtocolHandler ["http-nio-18282"]
16:52:48.118 [main] INFO  org.apache.catalina.core.StandardService  - Starting service [Tomcat]
16:52:48.118 [main] INFO  org.apache.catalina.core.StandardEngine  - Starting Servlet engine: [Apache Tomcat/9.0.73]
16:52:48.264 [main] INFO  org.apache.catalina.core.ContainerBase.[Tomcat].[localhost].[/]  - Initializing Spring embedded WebApplicationContext
16:52:48.355 [main] INFO  org.apache.catalina.core.StandardService  - Stopping service [Tomcat]
16:53:38.151 [main] INFO  com.zet.DingdingApplication  - DingdingApplication is running...
16:53:38.527 [main] INFO  com.zet.DingdingApplication  - Starting DingdingApplication using Java 1.8.0_351 on 192.168.0.193 with PID 60068 (/Users/knight/code/local/knight/knight-dingding/target/classes started by knight in /Users/knight/code/local/knight)
16:53:38.532 [main] INFO  com.zet.DingdingApplication  - The following 1 profile is active: "dev"
16:53:39.574 [main] INFO  org.apache.coyote.http11.Http11NioProtocol  - Initializing ProtocolHandler ["http-nio-18282"]
16:53:39.574 [main] INFO  org.apache.catalina.core.StandardService  - Starting service [Tomcat]
16:53:39.574 [main] INFO  org.apache.catalina.core.StandardEngine  - Starting Servlet engine: [Apache Tomcat/9.0.73]
16:53:39.708 [main] INFO  org.apache.catalina.core.ContainerBase.[Tomcat].[localhost].[/]  - Initializing Spring embedded WebApplicationContext
16:53:39.793 [main] INFO  org.apache.catalina.core.StandardService  - Stopping service [Tomcat]
17:06:24.412 [main] INFO  com.zet.DingdingApplication  - DingdingApplication is running...
17:06:24.798 [main] INFO  com.zet.DingdingApplication  - Starting DingdingApplication using Java 1.8.0_351 on 192.168.0.193 with PID 62091 (/Users/knight/code/local/knight/knight-dingding/target/classes started by knight in /Users/knight/code/local/knight)
17:06:24.803 [main] INFO  com.zet.DingdingApplication  - The following 1 profile is active: "dev"
17:06:25.900 [main] INFO  org.apache.coyote.http11.Http11NioProtocol  - Initializing ProtocolHandler ["http-nio-18282"]
17:06:25.901 [main] INFO  org.apache.catalina.core.StandardService  - Starting service [Tomcat]
17:06:25.901 [main] INFO  org.apache.catalina.core.StandardEngine  - Starting Servlet engine: [Apache Tomcat/9.0.73]
17:06:26.044 [main] INFO  org.apache.catalina.core.ContainerBase.[Tomcat].[localhost].[/]  - Initializing Spring embedded WebApplicationContext
17:06:26.142 [main] INFO  org.apache.catalina.core.StandardService  - Stopping service [Tomcat]
17:06:58.591 [main] INFO  com.zet.DingdingApplication  - DingdingApplication is running...
17:06:58.978 [main] INFO  com.zet.DingdingApplication  - Starting DingdingApplication using Java 1.8.0_351 on 192.168.0.193 with PID 62192 (/Users/knight/code/local/knight/knight-dingding/target/classes started by knight in /Users/knight/code/local/knight)
17:06:59.038 [main] INFO  com.zet.DingdingApplication  - The following 1 profile is active: "dev"
17:07:00.045 [main] INFO  org.apache.coyote.http11.Http11NioProtocol  - Initializing ProtocolHandler ["http-nio-18282"]
17:07:00.045 [main] INFO  org.apache.catalina.core.StandardService  - Starting service [Tomcat]
17:07:00.046 [main] INFO  org.apache.catalina.core.StandardEngine  - Starting Servlet engine: [Apache Tomcat/9.0.73]
17:07:00.188 [main] INFO  org.apache.catalina.core.ContainerBase.[Tomcat].[localhost].[/]  - Initializing Spring embedded WebApplicationContext
17:07:00.266 [main] INFO  org.apache.catalina.core.StandardService  - Stopping service [Tomcat]
17:10:12.807 [main] INFO  com.zet.DingdingApplication  - DingdingApplication is running...
17:10:13.196 [main] INFO  com.zet.DingdingApplication  - Starting DingdingApplication using Java 1.8.0_351 on 192.168.0.193 with PID 62727 (/Users/knight/code/local/knight/knight-dingding/target/classes started by knight in /Users/knight/code/local/knight)
17:10:13.201 [main] INFO  com.zet.DingdingApplication  - The following 1 profile is active: "dev"
17:10:14.383 [main] INFO  org.apache.coyote.http11.Http11NioProtocol  - Initializing ProtocolHandler ["http-nio-18282"]
17:10:14.384 [main] INFO  org.apache.catalina.core.StandardService  - Starting service [Tomcat]
17:10:14.384 [main] INFO  org.apache.catalina.core.StandardEngine  - Starting Servlet engine: [Apache Tomcat/9.0.73]
17:10:14.525 [main] INFO  org.apache.catalina.core.ContainerBase.[Tomcat].[localhost].[/]  - Initializing Spring embedded WebApplicationContext
17:10:14.625 [main] INFO  org.apache.catalina.core.StandardService  - Stopping service [Tomcat]
17:12:46.423 [main] INFO  com.zet.DingdingApplication  - DingdingApplication is running...
17:12:46.933 [main] INFO  com.zet.DingdingApplication  - Starting DingdingApplication using Java 1.8.0_351 on 192.168.0.193 with PID 63149 (/Users/knight/code/local/knight/knight-dingding/target/classes started by knight in /Users/knight/code/local/knight)
17:12:46.939 [main] INFO  com.zet.DingdingApplication  - The following 1 profile is active: "dev"
17:12:48.083 [main] INFO  org.apache.coyote.http11.Http11NioProtocol  - Initializing ProtocolHandler ["http-nio-18282"]
17:12:48.083 [main] INFO  org.apache.catalina.core.StandardService  - Starting service [Tomcat]
17:12:48.083 [main] INFO  org.apache.catalina.core.StandardEngine  - Starting Servlet engine: [Apache Tomcat/9.0.73]
17:12:48.222 [main] INFO  org.apache.catalina.core.ContainerBase.[Tomcat].[localhost].[/]  - Initializing Spring embedded WebApplicationContext
17:12:48.312 [main] INFO  org.apache.catalina.core.StandardService  - Stopping service [Tomcat]
17:14:47.186 [main] INFO  com.zet.DingdingApplication  - DingdingApplication is running...
17:14:47.564 [main] INFO  com.zet.DingdingApplication  - Starting DingdingApplication using Java 1.8.0_351 on 192.168.0.193 with PID 63482 (/Users/knight/code/local/knight/knight-dingding/target/classes started by knight in /Users/knight/code/local/knight)
17:14:47.622 [main] INFO  com.zet.DingdingApplication  - The following 1 profile is active: "dev"
17:14:48.602 [main] INFO  org.apache.coyote.http11.Http11NioProtocol  - Initializing ProtocolHandler ["http-nio-18282"]
17:14:48.602 [main] INFO  org.apache.catalina.core.StandardService  - Starting service [Tomcat]
17:14:48.602 [main] INFO  org.apache.catalina.core.StandardEngine  - Starting Servlet engine: [Apache Tomcat/9.0.73]
17:14:48.736 [main] INFO  org.apache.catalina.core.ContainerBase.[Tomcat].[localhost].[/]  - Initializing Spring embedded WebApplicationContext
17:14:49.494 [main] INFO  org.apache.coyote.http11.Http11NioProtocol  - Starting ProtocolHandler ["http-nio-18282"]
17:14:49.527 [main] INFO  com.zet.DingdingApplication  - Started DingdingApplication in 2.289 seconds (JVM running for 3.43)
17:17:11.431 [main] INFO  com.zet.DingdingApplication  - DingdingApplication is running...
17:17:11.803 [main] INFO  com.zet.DingdingApplication  - Starting DingdingApplication using Java 1.8.0_351 on 192.168.0.193 with PID 63859 (/Users/knight/code/local/knight/knight-dingding/target/classes started by knight in /Users/knight/code/local/knight)
17:17:11.807 [main] INFO  com.zet.DingdingApplication  - The following 1 profile is active: "dev"
17:17:12.851 [main] INFO  org.apache.coyote.http11.Http11NioProtocol  - Initializing ProtocolHandler ["http-nio-18282"]
17:17:12.851 [main] INFO  org.apache.catalina.core.StandardService  - Starting service [Tomcat]
17:17:12.852 [main] INFO  org.apache.catalina.core.StandardEngine  - Starting Servlet engine: [Apache Tomcat/9.0.73]
17:17:12.992 [main] INFO  org.apache.catalina.core.ContainerBase.[Tomcat].[localhost].[/]  - Initializing Spring embedded WebApplicationContext
17:17:13.725 [main] INFO  org.apache.coyote.http11.Http11NioProtocol  - Starting ProtocolHandler ["http-nio-18282"]
17:17:13.752 [main] INFO  com.zet.DingdingApplication  - Started DingdingApplication in 2.27 seconds (JVM running for 3.096)
17:19:12.714 [http-nio-18282-exec-1] INFO  org.apache.catalina.core.ContainerBase.[Tomcat].[localhost].[/]  - Initializing Spring DispatcherServlet 'dispatcherServlet'
17:19:12.758 [http-nio-18282-exec-1] INFO  com.zet.dingding.controller.DingAuthController  - DingAuthController.login() begin,authCodeb9686289444932d8aff20a5b22efe888,authCode4A605b805aa6273d89853558d082ef3074
17:19:13.513 [http-nio-18282-exec-1] ERROR topsdk  - 2023-07-29 17:19:13.509^_^_dingtalk_^_^dingtalk.oapi.user.getuserinfo^_^192.168.0.193^_^Mac OS X^_^214^_^https://oapi.dingtalk.com/user/getuserinfo^_^access_token=0dbfdbc60bf336daa76faabc91c9d5af&code=b9686289444932d8aff20a5b22efe888^_^{"errcode":40078,"errmsg":"不存在的临时授权码"}
17:19:58.264 [http-nio-18282-exec-2] INFO  com.zet.dingding.controller.DingAuthController  - DingAuthController.login() begin,authCode1b994b057ae83f8d992b4054fba3b172,authCode4A9ef61f80132231ce8899afa24864db0a
17:25:47.619 [http-nio-18282-exec-5] INFO  org.apache.coyote.http11.Http11Processor  - Error parsing HTTP request header
 Note: further occurrences of HTTP request parsing errors will be logged at DEBUG level.
java.lang.IllegalArgumentException: Invalid character found in method name [0x160x030x010x000xf30x010x000x000xef0x030x03sa0x1260xdd0xaa0x040xc00xdfpdy0xd60x0d0x15VA0x0c0xa20x8b0x0f0xc5P`0x11 ]. HTTP method names must be tokens
	at org.apache.coyote.http11.Http11InputBuffer.parseRequestLine(Http11InputBuffer.java:407) ~[tomcat-embed-core-9.0.73.jar:9.0.73]
	at org.apache.coyote.http11.Http11Processor.service(Http11Processor.java:262) [tomcat-embed-core-9.0.73.jar:9.0.73]
	at org.apache.coyote.AbstractProcessorLight.process(AbstractProcessorLight.java:63) [tomcat-embed-core-9.0.73.jar:9.0.73]
	at org.apache.coyote.AbstractProtocol$ConnectionHandler.process(AbstractProtocol.java:926) [tomcat-embed-core-9.0.73.jar:9.0.73]
	at org.apache.tomcat.util.net.NioEndpoint$SocketProcessor.doRun(NioEndpoint.java:1791) [tomcat-embed-core-9.0.73.jar:9.0.73]
	at org.apache.tomcat.util.net.SocketProcessorBase.run(SocketProcessorBase.java:49) [tomcat-embed-core-9.0.73.jar:9.0.73]
	at org.apache.tomcat.util.threads.ThreadPoolExecutor.runWorker(ThreadPoolExecutor.java:1191) [tomcat-embed-core-9.0.73.jar:9.0.73]
	at org.apache.tomcat.util.threads.ThreadPoolExecutor$Worker.run(ThreadPoolExecutor.java:659) [tomcat-embed-core-9.0.73.jar:9.0.73]
	at org.apache.tomcat.util.threads.TaskThread$WrappingRunnable.run(TaskThread.java:61) [tomcat-embed-core-9.0.73.jar:9.0.73]
	at java.lang.Thread.run(Thread.java:750) [?:1.8.0_351]
17:31:39.733 [main] INFO  com.zet.DingdingApplication  - DingdingApplication is running...
17:31:40.130 [main] INFO  com.zet.DingdingApplication  - Starting DingdingApplication using Java 1.8.0_351 on 192.168.0.193 with PID 66521 (/Users/knight/code/local/knight/knight-dingding/target/classes started by knight in /Users/knight/code/local/knight)
17:31:40.187 [main] INFO  com.zet.DingdingApplication  - The following 1 profile is active: "dev"
17:31:41.279 [main] INFO  org.apache.coyote.http11.Http11NioProtocol  - Initializing ProtocolHandler ["http-nio-18282"]
17:31:41.280 [main] INFO  org.apache.catalina.core.StandardService  - Starting service [Tomcat]
17:31:41.280 [main] INFO  org.apache.catalina.core.StandardEngine  - Starting Servlet engine: [Apache Tomcat/9.0.73]
17:31:41.431 [main] INFO  org.apache.catalina.core.ContainerBase.[Tomcat].[localhost].[/]  - Initializing Spring embedded WebApplicationContext
17:31:42.343 [main] INFO  org.apache.coyote.http11.Http11NioProtocol  - Starting ProtocolHandler ["http-nio-18282"]
17:31:42.376 [main] INFO  com.zet.DingdingApplication  - Started DingdingApplication in 2.587 seconds (JVM running for 3.487)
17:31:55.883 [http-nio-18282-exec-2] INFO  org.apache.catalina.core.ContainerBase.[Tomcat].[localhost].[/]  - Initializing Spring DispatcherServlet 'dispatcherServlet'
17:31:56.018 [http-nio-18282-exec-2] INFO  com.zet.dingding.controller.DingAuthController  - =====DingAuthController.serviceValidate=====,object{"ticket":"9ef61f80132231ce8899afa24864db0a"}
17:32:00.467 [http-nio-18282-exec-1] INFO  com.zet.dingding.controller.DingAuthController  - =====DingAuthController.serviceValidate=====,object{"ticket":"9ef61f80132231ce8899afa24864db0a"}
